2026-06-24 23:39:18,090 - pipeline.main - INFO - ========== Initializing Configuration-Driven Pipeline Run ==========
2026-06-24 23:39:18,118 - pipeline.main - INFO - Triggering ingestion sequence: 'customers_csv'
2026-06-24 23:39:18,392 - pipeline.load - CRITICAL - Database logging subsystem unavailable. Dropped fallback metrics: invalid input syntax for type json
LINE 1: ...me, raw_payload, reason) VALUES ('customers_csv', '{"custome...
                                                             ^
DETAIL:  Token "NaN" is invalid.
CONTEXT:  JSON data, line 1: {"customer_id": 101, "name": NaN...

2026-06-24 23:39:18,480 - pipeline.load - CRITICAL - Database logging subsystem unavailable. Dropped fallback metrics: invalid input syntax for type json
LINE 1: ...me, raw_payload, reason) VALUES ('customers_csv', '{"custome...
                                                             ^
DETAIL:  Token "NaN" is invalid.
CONTEXT:  JSON data, line 1: ...r_id": 103, "name": "Charlie Brown", "email": NaN...

2026-06-24 23:39:18,564 - pipeline.load - CRITICAL - Database logging subsystem unavailable. Dropped fallback metrics: invalid input syntax for type json
LINE 1: ...me, raw_payload, reason) VALUES ('customers_csv', '{"custome...
                                                             ^
DETAIL:  Token "NaN" is invalid.
CONTEXT:  JSON data, line 1: {"customer_id": 105, "name": NaN...

2026-06-24 23:39:18,651 - pipeline.load - CRITICAL - Database logging subsystem unavailable. Dropped fallback metrics: invalid input syntax for type json
LINE 1: ...me, raw_payload, reason) VALUES ('customers_csv', '{"custome...
                                                             ^
DETAIL:  Token "NaN" is invalid.
CONTEXT:  JSON data, line 1: ...er_id": 113, "name": "Arthur Curry", "email": NaN...

2026-06-24 23:39:18,754 - pipeline.load - CRITICAL - Database logging subsystem unavailable. Dropped fallback metrics: invalid input syntax for type json
LINE 1: ...me, raw_payload, reason) VALUES ('customers_csv', '{"custome...
                                                             ^
DETAIL:  Token "NaN" is invalid.
CONTEXT:  JSON data, line 1: ...er_id": 124, "name": "Edward Nigma", "email": NaN...

2026-06-24 23:39:18,843 - pipeline.load - CRITICAL - Database logging subsystem unavailable. Dropped fallback metrics: invalid input syntax for type json
LINE 1: ...me, raw_payload, reason) VALUES ('customers_csv', '{"custome...
                                                             ^
DETAIL:  Token "NaN" is invalid.
CONTEXT:  JSON data, line 1: {"customer_id": 125, "name": NaN...

2026-06-24 23:39:18,935 - pipeline.load - CRITICAL - Database logging subsystem unavailable. Dropped fallback metrics: invalid input syntax for type json
LINE 1: ...me, raw_payload, reason) VALUES ('customers_csv', '{"custome...
                                                             ^
DETAIL:  Token "NaN" is invalid.
CONTEXT:  JSON data, line 1: ...mer_id": 137, "name": "Dinah Lance", "email": NaN...

2026-06-24 23:39:19,023 - pipeline.load - CRITICAL - Database logging subsystem unavailable. Dropped fallback metrics: invalid input syntax for type json
LINE 1: ...me, raw_payload, reason) VALUES ('customers_csv', '{"custome...
                                                             ^
DETAIL:  Token "NaN" is invalid.
CONTEXT:  JSON data, line 1: ...er_id": 172, "name": "Balder Brave", "email": NaN...

2026-06-24 23:39:19,116 - pipeline.load - CRITICAL - Database logging subsystem unavailable. Dropped fallback metrics: invalid input syntax for type json
LINE 1: ...me, raw_payload, reason) VALUES ('customers_csv', '{"custome...
                                                             ^
DETAIL:  Token "NaN" is invalid.
CONTEXT:  JSON data, line 1: {"customer_id": 201, "name": NaN...

2026-06-24 23:39:19,361 - pipeline.load - INFO - Loaded 96 rows successfully into table 'stg_customers'.
2026-06-24 23:39:19,361 - pipeline.main - INFO - Triggering ingestion sequence: 'top_manga_api'
2026-06-24 23:39:19,361 - pipeline.readers.api - INFO - Fetching Jikan Manga API Page 1...
2026-06-24 23:39:21,189 - pipeline.readers.api - INFO - Fetching Jikan Manga API Page 2...
2026-06-24 23:39:26,574 - pipeline.main - INFO - ========== Pipeline Operations Complete ==========
2026-06-24 23:46:12,667 - pipeline.main - INFO - ========== Initializing Configuration-Driven Pipeline Run ==========
2026-06-24 23:46:12,673 - pipeline.main - INFO - Triggering ingestion sequence: 'customers_csv'
2026-06-24 23:46:12,862 - pipeline.load - CRITICAL - Database logging subsystem unavailable. Dropped fallback metrics: invalid input syntax for type json
LINE 1: ...me, raw_payload, reason) VALUES ('customers_csv', '{"custome...
                                                             ^
DETAIL:  Token "NaN" is invalid.
CONTEXT:  JSON data, line 1: {"customer_id": 101, "name": NaN...

2026-06-24 23:46:12,947 - pipeline.load - CRITICAL - Database logging subsystem unavailable. Dropped fallback metrics: invalid input syntax for type json
LINE 1: ...me, raw_payload, reason) VALUES ('customers_csv', '{"custome...
                                                             ^
DETAIL:  Token "NaN" is invalid.
CONTEXT:  JSON data, line 1: ...r_id": 103, "name": "Charlie Brown", "email": NaN...

2026-06-24 23:46:13,029 - pipeline.load - CRITICAL - Database logging subsystem unavailable. Dropped fallback metrics: invalid input syntax for type json
LINE 1: ...me, raw_payload, reason) VALUES ('customers_csv', '{"custome...
                                                             ^
DETAIL:  Token "NaN" is invalid.
CONTEXT:  JSON data, line 1: {"customer_id": 105, "name": NaN...

2026-06-24 23:46:13,109 - pipeline.load - CRITICAL - Database logging subsystem unavailable. Dropped fallback metrics: invalid input syntax for type json
LINE 1: ...me, raw_payload, reason) VALUES ('customers_csv', '{"custome...
                                                             ^
DETAIL:  Token "NaN" is invalid.
CONTEXT:  JSON data, line 1: ...er_id": 113, "name": "Arthur Curry", "email": NaN...

2026-06-24 23:46:13,192 - pipeline.load - CRITICAL - Database logging subsystem unavailable. Dropped fallback metrics: invalid input syntax for type json
LINE 1: ...me, raw_payload, reason) VALUES ('customers_csv', '{"custome...
                                                             ^
DETAIL:  Token "NaN" is invalid.
CONTEXT:  JSON data, line 1: ...er_id": 124, "name": "Edward Nigma", "email": NaN...

2026-06-24 23:46:13,270 - pipeline.load - CRITICAL - Database logging subsystem unavailable. Dropped fallback metrics: invalid input syntax for type json
LINE 1: ...me, raw_payload, reason) VALUES ('customers_csv', '{"custome...
                                                             ^
DETAIL:  Token "NaN" is invalid.
CONTEXT:  JSON data, line 1: {"customer_id": 125, "name": NaN...

2026-06-24 23:46:13,348 - pipeline.load - CRITICAL - Database logging subsystem unavailable. Dropped fallback metrics: invalid input syntax for type json
LINE 1: ...me, raw_payload, reason) VALUES ('customers_csv', '{"custome...
                                                             ^
DETAIL:  Token "NaN" is invalid.
CONTEXT:  JSON data, line 1: ...mer_id": 137, "name": "Dinah Lance", "email": NaN...

2026-06-24 23:46:13,423 - pipeline.load - CRITICAL - Database logging subsystem unavailable. Dropped fallback metrics: invalid input syntax for type json
LINE 1: ...me, raw_payload, reason) VALUES ('customers_csv', '{"custome...
                                                             ^
DETAIL:  Token "NaN" is invalid.
CONTEXT:  JSON data, line 1: ...er_id": 172, "name": "Balder Brave", "email": NaN...

2026-06-24 23:46:13,513 - pipeline.load - CRITICAL - Database logging subsystem unavailable. Dropped fallback metrics: invalid input syntax for type json
LINE 1: ...me, raw_payload, reason) VALUES ('customers_csv', '{"custome...
                                                             ^
DETAIL:  Token "NaN" is invalid.
CONTEXT:  JSON data, line 1: {"customer_id": 201, "name": NaN...

2026-06-24 23:46:13,614 - pipeline.load - INFO - Loaded 96 rows successfully into table 'stg_customers'.
2026-06-24 23:46:13,615 - pipeline.main - INFO - Triggering ingestion sequence: 'top_manga_api'
2026-06-24 23:46:13,615 - pipeline.readers.api - INFO - Fetching Jikan Manga API Page 1...
2026-06-24 23:46:15,158 - pipeline.readers.api - INFO - Fetching Jikan Manga API Page 2...
2026-06-24 23:46:16,772 - pipeline.load - INFO - Loaded 50 rows successfully into table 'stg_manga'.
2026-06-24 23:46:16,773 - pipeline.main - INFO - ========== Pipeline Operations Complete ==========
2026-06-24 23:49:11,893 - pipeline.main - INFO - ========== Initializing Configuration-Driven Pipeline Run ==========
2026-06-24 23:49:11,902 - pipeline.main - INFO - Triggering ingestion sequence: 'customers_csv'
2026-06-24 23:49:12,045 - pipeline.load - CRITICAL - Database logging subsystem unavailable. Dropped fallback metrics: invalid input syntax for type json
LINE 1: ...me, raw_payload, reason) VALUES ('customers_csv', '{"custome...
                                                             ^
DETAIL:  Token "NaN" is invalid.
CONTEXT:  JSON data, line 1: {"customer_id": 101, "name": NaN...

2026-06-24 23:49:12,132 - pipeline.load - CRITICAL - Database logging subsystem unavailable. Dropped fallback metrics: invalid input syntax for type json
LINE 1: ...me, raw_payload, reason) VALUES ('customers_csv', '{"custome...
                                                             ^
DETAIL:  Token "NaN" is invalid.
CONTEXT:  JSON data, line 1: ...r_id": 103, "name": "Charlie Brown", "email": NaN...

2026-06-24 23:49:12,215 - pipeline.load - CRITICAL - Database logging subsystem unavailable. Dropped fallback metrics: invalid input syntax for type json
LINE 1: ...me, raw_payload, reason) VALUES ('customers_csv', '{"custome...
                                                             ^
DETAIL:  Token "NaN" is invalid.
CONTEXT:  JSON data, line 1: {"customer_id": 105, "name": NaN...

2026-06-24 23:49:12,304 - pipeline.load - CRITICAL - Database logging subsystem unavailable. Dropped fallback metrics: invalid input syntax for type json
LINE 1: ...me, raw_payload, reason) VALUES ('customers_csv', '{"custome...
                                                             ^
DETAIL:  Token "NaN" is invalid.
CONTEXT:  JSON data, line 1: ...er_id": 113, "name": "Arthur Curry", "email": NaN...

2026-06-24 23:49:12,385 - pipeline.load - CRITICAL - Database logging subsystem unavailable. Dropped fallback metrics: invalid input syntax for type json
LINE 1: ...me, raw_payload, reason) VALUES ('customers_csv', '{"custome...
                                                             ^
DETAIL:  Token "NaN" is invalid.
CONTEXT:  JSON data, line 1: ...er_id": 124, "name": "Edward Nigma", "email": NaN...

2026-06-24 23:49:12,466 - pipeline.load - CRITICAL - Database logging subsystem unavailable. Dropped fallback metrics: invalid input syntax for type json
LINE 1: ...me, raw_payload, reason) VALUES ('customers_csv', '{"custome...
                                                             ^
DETAIL:  Token "NaN" is invalid.
CONTEXT:  JSON data, line 1: {"customer_id": 125, "name": NaN...

2026-06-24 23:49:12,548 - pipeline.load - CRITICAL - Database logging subsystem unavailable. Dropped fallback metrics: invalid input syntax for type json
LINE 1: ...me, raw_payload, reason) VALUES ('customers_csv', '{"custome...
                                                             ^
DETAIL:  Token "NaN" is invalid.
CONTEXT:  JSON data, line 1: ...mer_id": 137, "name": "Dinah Lance", "email": NaN...

2026-06-24 23:49:12,628 - pipeline.load - CRITICAL - Database logging subsystem unavailable. Dropped fallback metrics: invalid input syntax for type json
LINE 1: ...me, raw_payload, reason) VALUES ('customers_csv', '{"custome...
                                                             ^
DETAIL:  Token "NaN" is invalid.
CONTEXT:  JSON data, line 1: ...er_id": 172, "name": "Balder Brave", "email": NaN...

2026-06-24 23:49:12,714 - pipeline.load - CRITICAL - Database logging subsystem unavailable. Dropped fallback metrics: invalid input syntax for type json
LINE 1: ...me, raw_payload, reason) VALUES ('customers_csv', '{"custome...
                                                             ^
DETAIL:  Token "NaN" is invalid.
CONTEXT:  JSON data, line 1: {"customer_id": 201, "name": NaN...

2026-06-24 23:49:12,819 - pipeline.load - INFO - Loaded 96 rows successfully into table 'stg_customers'.
2026-06-24 23:49:12,819 - pipeline.main - INFO - Triggering ingestion sequence: 'top_manga_api'
2026-06-24 23:49:12,820 - pipeline.readers.api - INFO - Fetching Jikan Manga API Page 1...
2026-06-24 23:49:16,772 - pipeline.readers.api - INFO - Fetching Jikan Manga API Page 2...
2026-06-24 23:49:18,412 - pipeline.load - INFO - Loaded 50 rows successfully into table 'stg_manga'.
2026-06-24 23:49:18,413 - pipeline.main - INFO - ========== Pipeline Operations Complete ==========
2026-06-25 00:01:48,399 - pipeline.main - INFO - ========== Initializing Configuration-Driven Pipeline Run ==========
2026-06-25 00:01:48,401 - pipeline.main - INFO - Triggering ingestion sequence: 'customers_csv'
2026-06-25 00:01:48,534 - pipeline.load - CRITICAL - Database logging subsystem unavailable. Dropped fallback metrics: invalid input syntax for type json
LINE 1: ...me, raw_payload, reason) VALUES ('customers_csv', '{"custome...
                                                             ^
DETAIL:  Token "NaN" is invalid.
CONTEXT:  JSON data, line 1: {"customer_id": 101, "name": NaN...

2026-06-25 00:01:48,615 - pipeline.load - CRITICAL - Database logging subsystem unavailable. Dropped fallback metrics: invalid input syntax for type json
LINE 1: ...me, raw_payload, reason) VALUES ('customers_csv', '{"custome...
                                                             ^
DETAIL:  Token "NaN" is invalid.
CONTEXT:  JSON data, line 1: ...r_id": 103, "name": "Charlie Brown", "email": NaN...

2026-06-25 00:01:48,695 - pipeline.load - CRITICAL - Database logging subsystem unavailable. Dropped fallback metrics: invalid input syntax for type json
LINE 1: ...me, raw_payload, reason) VALUES ('customers_csv', '{"custome...
                                                             ^
DETAIL:  Token "NaN" is invalid.
CONTEXT:  JSON data, line 1: {"customer_id": 105, "name": NaN...

2026-06-25 00:01:48,776 - pipeline.load - CRITICAL - Database logging subsystem unavailable. Dropped fallback metrics: invalid input syntax for type json
LINE 1: ...me, raw_payload, reason) VALUES ('customers_csv', '{"custome...
                                                             ^
DETAIL:  Token "NaN" is invalid.
CONTEXT:  JSON data, line 1: ...er_id": 113, "name": "Arthur Curry", "email": NaN...

2026-06-25 00:01:48,869 - pipeline.load - CRITICAL - Database logging subsystem unavailable. Dropped fallback metrics: invalid input syntax for type json
LINE 1: ...me, raw_payload, reason) VALUES ('customers_csv', '{"custome...
                                                             ^
DETAIL:  Token "NaN" is invalid.
CONTEXT:  JSON data, line 1: ...er_id": 124, "name": "Edward Nigma", "email": NaN...

2026-06-25 00:01:49,049 - pipeline.load - CRITICAL - Database logging subsystem unavailable. Dropped fallback metrics: invalid input syntax for type json
LINE 1: ...me, raw_payload, reason) VALUES ('customers_csv', '{"custome...
                                                             ^
DETAIL:  Token "NaN" is invalid.
CONTEXT:  JSON data, line 1: {"customer_id": 125, "name": NaN...

2026-06-25 00:01:49,131 - pipeline.load - CRITICAL - Database logging subsystem unavailable. Dropped fallback metrics: invalid input syntax for type json
LINE 1: ...me, raw_payload, reason) VALUES ('customers_csv', '{"custome...
                                                             ^
DETAIL:  Token "NaN" is invalid.
CONTEXT:  JSON data, line 1: ...mer_id": 137, "name": "Dinah Lance", "email": NaN...

2026-06-25 00:01:49,307 - pipeline.load - CRITICAL - Database logging subsystem unavailable. Dropped fallback metrics: invalid input syntax for type json
LINE 1: ...me, raw_payload, reason) VALUES ('customers_csv', '{"custome...
                                                             ^
DETAIL:  Token "NaN" is invalid.
CONTEXT:  JSON data, line 1: ...er_id": 172, "name": "Balder Brave", "email": NaN...

2026-06-25 00:01:49,387 - pipeline.load - CRITICAL - Database logging subsystem unavailable. Dropped fallback metrics: invalid input syntax for type json
LINE 1: ...me, raw_payload, reason) VALUES ('customers_csv', '{"custome...
                                                             ^
DETAIL:  Token "NaN" is invalid.
CONTEXT:  JSON data, line 1: {"customer_id": 201, "name": NaN...

2026-06-25 00:01:49,535 - pipeline.load - INFO - Loaded 96 rows successfully into table 'stg_customers'.
2026-06-25 00:01:49,569 - pipeline.main - INFO - Triggering ingestion sequence: 'top_manga_api'
2026-06-25 00:01:49,579 - pipeline.readers.api - INFO - Fetching Jikan Manga API Page 1...
2026-06-25 00:01:51,141 - pipeline.readers.api - INFO - Fetching Jikan Manga API Page 2...
2026-06-25 00:01:52,786 - pipeline.load - INFO - Loaded 50 rows successfully into table 'stg_manga'.
2026-06-25 00:01:52,788 - pipeline.main - INFO - ========== Pipeline Operations Complete ==========
2026-06-25 00:02:52,842 - pipeline.main - INFO - ========== Initializing Configuration-Driven Pipeline Run ==========
2026-06-25 00:02:52,845 - pipeline.main - INFO - Triggering ingestion sequence: 'customers_csv'
2026-06-25 00:02:53,070 - pipeline.load - CRITICAL - Database logging subsystem unavailable. Dropped fallback metrics: name 'pd' is not defined
2026-06-25 00:02:53,189 - pipeline.load - CRITICAL - Database logging subsystem unavailable. Dropped fallback metrics: name 'pd' is not defined
2026-06-25 00:02:53,292 - pipeline.load - CRITICAL - Database logging subsystem unavailable. Dropped fallback metrics: name 'pd' is not defined
2026-06-25 00:02:53,384 - pipeline.load - CRITICAL - Database logging subsystem unavailable. Dropped fallback metrics: name 'pd' is not defined
2026-06-25 00:02:53,470 - pipeline.load - CRITICAL - Database logging subsystem unavailable. Dropped fallback metrics: name 'pd' is not defined
2026-06-25 00:02:53,554 - pipeline.load - CRITICAL - Database logging subsystem unavailable. Dropped fallback metrics: name 'pd' is not defined
2026-06-25 00:02:53,641 - pipeline.load - CRITICAL - Database logging subsystem unavailable. Dropped fallback metrics: name 'pd' is not defined
2026-06-25 00:02:53,730 - pipeline.load - CRITICAL - Database logging subsystem unavailable. Dropped fallback metrics: name 'pd' is not defined
2026-06-25 00:02:53,934 - pipeline.load - CRITICAL - Database logging subsystem unavailable. Dropped fallback metrics: name 'pd' is not defined
2026-06-25 00:02:54,084 - pipeline.load - INFO - Loaded 96 rows successfully into table 'stg_customers'.
2026-06-25 00:02:54,085 - pipeline.main - INFO - Triggering ingestion sequence: 'top_manga_api'
2026-06-25 00:02:54,086 - pipeline.readers.api - INFO - Fetching Jikan Manga API Page 1...
2026-06-25 00:02:55,628 - pipeline.readers.api - INFO - Fetching Jikan Manga API Page 2...
2026-06-25 00:02:57,287 - pipeline.load - INFO - Loaded 50 rows successfully into table 'stg_manga'.
2026-06-25 00:02:57,298 - pipeline.main - INFO - ========== Pipeline Operations Complete ==========
2026-06-25 00:04:01,858 - pipeline.main - INFO - ========== Initializing Configuration-Driven Pipeline Run ==========
2026-06-25 00:04:01,861 - pipeline.main - INFO - Triggering ingestion sequence: 'customers_csv'
2026-06-25 00:04:03,049 - pipeline.load - INFO - Loaded 96 rows successfully into table 'stg_customers'.
2026-06-25 00:04:03,051 - pipeline.main - INFO - Triggering ingestion sequence: 'top_manga_api'
2026-06-25 00:04:03,052 - pipeline.readers.api - INFO - Fetching Jikan Manga API Page 1...
2026-06-25 00:04:06,989 - pipeline.readers.api - INFO - Fetching Jikan Manga API Page 2...
2026-06-25 00:04:08,575 - pipeline.load - INFO - Loaded 50 rows successfully into table 'stg_manga'.
2026-06-25 00:04:08,576 - pipeline.main - INFO - ========== Pipeline Operations Complete ==========
2026-06-25 00:08:29,263 - pipeline.main - INFO - ========== Initializing Configuration-Driven Pipeline Run ==========
2026-06-25 00:08:29,267 - pipeline.main - INFO - Triggering ingestion sequence: 'customers_csv'
2026-06-25 00:08:30,530 - pipeline.load - INFO - Loaded 96 rows successfully into table 'stg_customers'.
2026-06-25 00:08:30,570 - pipeline.main - INFO - Run Summary for 'customers_csv': total_rows=105 | loaded=96 | rejected=9
2026-06-25 00:08:30,578 - pipeline.main - INFO - ------------------------------------------------------------
2026-06-25 00:08:30,578 - pipeline.main - INFO - Triggering ingestion sequence: 'top_manga_api'
2026-06-25 00:08:30,579 - pipeline.readers.api - INFO - Fetching Jikan Manga API Page 1...
2026-06-25 00:08:32,241 - pipeline.readers.api - INFO - Fetching Jikan Manga API Page 2...
2026-06-25 00:08:33,927 - pipeline.load - INFO - Loaded 50 rows successfully into table 'stg_manga'.
2026-06-25 00:08:33,928 - pipeline.main - INFO - Run Summary for 'top_manga_api': total_rows=50 | loaded=50 | rejected=0
2026-06-25 00:08:33,928 - pipeline.main - INFO - ------------------------------------------------------------
2026-06-25 00:08:33,929 - pipeline.main - INFO - ========== Pipeline Operations Complete ==========
2026-06-25 00:13:24,095 - pipeline.main - INFO - ========== Initializing Configuration-Driven Pipeline Run ==========
2026-06-25 00:13:24,102 - pipeline.main - INFO - Triggering ingestion sequence: 'customers_csv'
2026-06-25 00:13:25,174 - pipeline.load - INFO - Loaded 96 rows successfully into table 'stg_customers'.
2026-06-25 00:13:25,175 - pipeline.main - INFO - Run Summary for 'customers_csv': total_rows=105 | loaded=96 | rejected=9
2026-06-25 00:13:25,175 - pipeline.main - INFO - ------------------------------------------------------------
2026-06-25 00:13:25,176 - pipeline.main - INFO - Triggering ingestion sequence: 'top_manga_api'
2026-06-25 00:13:25,176 - pipeline.readers.api - INFO - Fetching Jikan Manga API Page 1...
2026-06-25 00:13:26,759 - pipeline.readers.api - INFO - Fetching Jikan Manga API Page 2...
2026-06-25 00:13:28,261 - pipeline.readers.api - INFO - Fetching Jikan Manga API Page 3...
2026-06-25 00:13:30,097 - pipeline.readers.api - INFO - Fetching Jikan Manga API Page 4...
2026-06-25 00:13:31,873 - pipeline.readers.api - INFO - Fetching Jikan Manga API Page 5...
2026-06-25 00:13:33,662 - pipeline.readers.api - INFO - Fetching Jikan Manga API Page 6...
2026-06-25 00:13:35,614 - pipeline.load - INFO - Loaded 150 rows successfully into table 'stg_manga'.
2026-06-25 00:13:35,615 - pipeline.main - INFO - Run Summary for 'top_manga_api': total_rows=150 | loaded=150 | rejected=0
2026-06-25 00:13:35,615 - pipeline.main - INFO - ------------------------------------------------------------
2026-06-25 00:13:35,616 - pipeline.main - INFO - ========== Pipeline Operations Complete ==========
